<?xml version="1.0" encoding="UTF-8"?>
<!-- Generated by org.testng.reporters.JUnitReportReporter -->
<testsuite hostname="admins-mbp.lan" failures="0" tests="1" name="appiumproject.Appium.AppiumBasics" time="11.189" errors="0" timestamp="2025-01-21T20:25:25 PST" skipped="0">
  <testcase classname="appiumproject.Appium.AppiumBasics" name="WifiSettingsName" time="11.189"/>
</testsuite> <!-- appiumproject.Appium.AppiumBasics -->
