<?xml version="1.0" encoding="UTF-8"?>
<!-- Generated by org.testng.reporters.JUnitReportReporter -->
<testsuite hostname="admins-mbp.lan" failures="0" tests="1" name="appiumproject.Appium.AppiumBasics" time="16.665" errors="0" timestamp="2024-12-31T10:27:41 PST" skipped="0">
  <testcase classname="appiumproject.Appium.AppiumBasics" name="AppiumTest" time="16.665"/>
</testsuite> <!-- appiumproject.Appium.AppiumBasics -->
